<?xml version="1.0" encoding="UTF-8"?>
<!-- Generated by org.testng.reporters.JUnitReportReporter -->
<testsuite skipped="0" hostname="LAPTOP-AS8JDII6" name="com.testcases.Brokenlink_test" tests="1" failures="0" timestamp="21 Aug 2019 05:19:04 GMT" time="56.026" errors="0">
  <testcase name="verify_BrokenLink_home" time="56.026" classname="com.testcases.Brokenlink_test"/>
</testsuite> <!-- com.testcases.Brokenlink_test -->
